<?xml version="1.0" encoding="UTF-8"?>
<testng-results ignored="0" total="2" passed="2" failed="0" skipped="0">
  <reporter-output>
  </reporter-output>
  <suite started-at="2026-04-16T22:07:42 IST" name="Suite" finished-at="2026-04-16T22:07:56 IST" duration-ms="13319">
    <groups>
      <group name="Master">
        <method signature="AccountRegisterTest.AccountTest()[pri:0, instance:testCases.AccountRegisterTest@77b14724]" name="AccountTest" class="testCases.AccountRegisterTest"/>
        <method signature="LoginTest.Login()[pri:0, instance:testCases.LoginTest@31d0e481]" name="Login" class="testCases.LoginTest"/>
      </group> <!-- Master -->
      <group name="Sanity">
        <method signature="AccountRegisterTest.AccountTest()[pri:0, instance:testCases.AccountRegisterTest@77b14724]" name="AccountTest" class="testCases.AccountRegisterTest"/>
      </group> <!-- Sanity -->
      <group name="Regression">
        <method signature="LoginTest.Login()[pri:0, instance:testCases.LoginTest@31d0e481]" name="Login" class="testCases.LoginTest"/>
      </group> <!-- Regression -->
    </groups>
    <test started-at="2026-04-16T22:07:42 IST" name="ChromeTest" finished-at="2026-04-16T22:07:56 IST" duration-ms="13319">
      <class name="testCases.AccountRegisterTest">
        <test-method is-config="true" signature="setup(java.lang.String,java.lang.String)[pri:0, instance:testCases.AccountRegisterTest@77b14724]" started-at="2026-04-16T22:07:42 IST" name="setup" finished-at="2026-04-16T22:07:46 IST" duration-ms="3632" status="PASS">
          <params>
            <param index="0">
              <value>
                <![CDATA[window]]>
              </value>
            </param>
            <param index="1">
              <value>
                <![CDATA[chrome]]>
              </value>
            </param>
          </params>
          <reporter-output>
          </reporter-output>
        </test-method> <!-- setup -->
        <test-method signature="AccountTest()[pri:0, instance:testCases.AccountRegisterTest@77b14724]" started-at="2026-04-16T22:07:46 IST" name="AccountTest" finished-at="2026-04-16T22:07:50 IST" duration-ms="4269" status="PASS">
          <reporter-output>
          </reporter-output>
        </test-method> <!-- AccountTest -->
        <test-method is-config="true" signature="tearDown()[pri:0, instance:testCases.AccountRegisterTest@77b14724]" started-at="2026-04-16T22:07:50 IST" name="tearDown" finished-at="2026-04-16T22:07:51 IST" duration-ms="220" status="PASS">
          <reporter-output>
          </reporter-output>
        </test-method> <!-- tearDown -->
      </class> <!-- testCases.AccountRegisterTest -->
      <class name="testCases.LoginTest">
        <test-method is-config="true" signature="setup(java.lang.String,java.lang.String)[pri:0, instance:testCases.LoginTest@31d0e481]" started-at="2026-04-16T22:07:51 IST" name="setup" finished-at="2026-04-16T22:07:53 IST" duration-ms="2526" status="PASS">
          <params>
            <param index="0">
              <value>
                <![CDATA[window]]>
              </value>
            </param>
            <param index="1">
              <value>
                <![CDATA[chrome]]>
              </value>
            </param>
          </params>
          <reporter-output>
          </reporter-output>
        </test-method> <!-- setup -->
        <test-method signature="Login()[pri:0, instance:testCases.LoginTest@31d0e481]" started-at="2026-04-16T22:07:53 IST" name="Login" finished-at="2026-04-16T22:07:55 IST" duration-ms="2398" status="PASS">
          <reporter-output>
          </reporter-output>
        </test-method> <!-- Login -->
        <test-method is-config="true" signature="tearDown()[pri:0, instance:testCases.LoginTest@31d0e481]" started-at="2026-04-16T22:07:55 IST" name="tearDown" finished-at="2026-04-16T22:07:56 IST" duration-ms="217" status="PASS">
          <reporter-output>
          </reporter-output>
        </test-method> <!-- tearDown -->
      </class> <!-- testCases.LoginTest -->
    </test> <!-- ChromeTest -->
  </suite> <!-- Suite -->
</testng-results>
