<?xml version="1.0" encoding="UTF-8"?>
<testng-results ignored="0" total="2" passed="2" failed="0" skipped="0">
  <reporter-output>
  </reporter-output>
  <suite started-at="2026-04-16T22:12:11 IST" name="Suite" finished-at="2026-04-16T22:12:26 IST" duration-ms="15658">
    <groups>
      <group name="Master">
        <method signature="AccountRegisterTest.AccountTest()[pri:0, instance:testCases.AccountRegisterTest@333dd51e]" name="AccountTest" class="testCases.AccountRegisterTest"/>
        <method signature="LoginTest.Login()[pri:0, instance:testCases.LoginTest@68fa0ba8]" name="Login" class="testCases.LoginTest"/>
      </group> <!-- Master -->
      <group name="Sanity">
        <method signature="AccountRegisterTest.AccountTest()[pri:0, instance:testCases.AccountRegisterTest@333dd51e]" name="AccountTest" class="testCases.AccountRegisterTest"/>
      </group> <!-- Sanity -->
      <group name="Regression">
        <method signature="LoginTest.Login()[pri:0, instance:testCases.LoginTest@68fa0ba8]" name="Login" class="testCases.LoginTest"/>
      </group> <!-- Regression -->
    </groups>
    <test started-at="2026-04-16T22:12:11 IST" name="ChromeTest" finished-at="2026-04-16T22:12:26 IST" duration-ms="15658">
      <class name="testCases.AccountRegisterTest">
        <test-method is-config="true" signature="setup(java.lang.String,java.lang.String)[pri:0, instance:testCases.AccountRegisterTest@333dd51e]" started-at="2026-04-16T22:12:11 IST" name="setup" finished-at="2026-04-16T22:12:14 IST" duration-ms="3369" status="PASS">
          <params>
            <param index="0">
              <value>
                <![CDATA[window]]>
              </value>
            </param>
            <param index="1">
              <value>
                <![CDATA[chrome]]>
              </value>
            </param>
          </params>
          <reporter-output>
          </reporter-output>
        </test-method> <!-- setup -->
        <test-method signature="AccountTest()[pri:0, instance:testCases.AccountRegisterTest@333dd51e]" started-at="2026-04-16T22:12:14 IST" name="AccountTest" finished-at="2026-04-16T22:12:20 IST" duration-ms="5517" status="PASS">
          <reporter-output>
          </reporter-output>
        </test-method> <!-- AccountTest -->
        <test-method is-config="true" signature="tearDown()[pri:0, instance:testCases.AccountRegisterTest@333dd51e]" started-at="2026-04-16T22:12:20 IST" name="tearDown" finished-at="2026-04-16T22:12:20 IST" duration-ms="209" status="PASS">
          <reporter-output>
          </reporter-output>
        </test-method> <!-- tearDown -->
      </class> <!-- testCases.AccountRegisterTest -->
      <class name="testCases.LoginTest">
        <test-method is-config="true" signature="setup(java.lang.String,java.lang.String)[pri:0, instance:testCases.LoginTest@68fa0ba8]" started-at="2026-04-16T22:12:20 IST" name="setup" finished-at="2026-04-16T22:12:23 IST" duration-ms="2577" status="PASS">
          <params>
            <param index="0">
              <value>
                <![CDATA[window]]>
              </value>
            </param>
            <param index="1">
              <value>
                <![CDATA[chrome]]>
              </value>
            </param>
          </params>
          <reporter-output>
          </reporter-output>
        </test-method> <!-- setup -->
        <test-method signature="Login()[pri:0, instance:testCases.LoginTest@68fa0ba8]" started-at="2026-04-16T22:12:23 IST" name="Login" finished-at="2026-04-16T22:12:26 IST" duration-ms="3331" status="PASS">
          <reporter-output>
          </reporter-output>
        </test-method> <!-- Login -->
        <test-method is-config="true" signature="tearDown()[pri:0, instance:testCases.LoginTest@68fa0ba8]" started-at="2026-04-16T22:12:26 IST" name="tearDown" finished-at="2026-04-16T22:12:26 IST" duration-ms="208" status="PASS">
          <reporter-output>
          </reporter-output>
        </test-method> <!-- tearDown -->
      </class> <!-- testCases.LoginTest -->
    </test> <!-- ChromeTest -->
  </suite> <!-- Suite -->
</testng-results>
