<?xml version="1.0" encoding="UTF-8"?>
<!-- Generated by org.testng.reporters.JUnitXMLReporter -->
<testsuite ignored="0" hostname="AbiramisLap" failures="1" tests="2" name="firefoxTest" time="30.892" errors="0" timestamp="2026-04-12T17:41:20 IST">
  <testcase classname="testCases.AccountRegisterTest" name="AccountTest" time="3.168"/>
  <testcase classname="testCases.LoginTest" name="Login" time="11.953">
    <failure type="java.lang.AssertionError" message="Test Failed">
      <![CDATA[java.lang.AssertionError: Test Failed
at testCases.LoginTest.Login(LoginTest.java:32)
at java.base/java.util.ArrayList.forEach(ArrayList.java:1596)
... Removed 26 stack frames]]>
    </failure>
  </testcase> <!-- Login -->
</testsuite> <!-- firefoxTest -->
