<?xml version="1.0" encoding="UTF-8"?>
<!-- Generated by org.testng.reporters.JUnitXMLReporter -->
<testsuite ignored="0" hostname="AbiramisLap" failures="1" tests="2" name="Test" time="24.338" errors="0" timestamp="2026-04-10T07:56:24 IST">
  <testcase classname="testCases.LoginTest" name="Login" time="12.541">
    <failure type="java.lang.AssertionError" message="Test Failed">
      <![CDATA[java.lang.AssertionError: Test Failed
at testCases.LoginTest.Login(LoginTest.java:32)
at java.base/java.util.ArrayList.forEach(ArrayList.java:1596)
... Removed 26 stack frames]]>
    </failure>
  </testcase> <!-- Login -->
  <testcase classname="testCases.AccountRegisterTest" name="AccountTest" time="4.148"/>
</testsuite> <!-- Test -->
